<?xml version="1.0" encoding="UTF-8"?>
<testsuites name="jest tests" tests="4" failures="0" time="0.611">
  <testsuite name="interceptor" errors="0" failures="0" skipped="0" timestamp="2019-06-12T12:07:13" time="0.589" tests="4">
    <testcase classname="interceptor signs GET requests" name="interceptor signs GET requests" time="0.004">
    </testcase>
    <testcase classname="interceptor signs query paremeters in GET requests" name="interceptor signs query paremeters in GET requests" time="0">
    </testcase>
    <testcase classname="interceptor signs POST requests with an object payload" name="interceptor signs POST requests with an object payload" time="0">
    </testcase>
    <testcase classname="interceptor signs POST requests with a string payload" name="interceptor signs POST requests with a string payload" time="0.001">
    </testcase>
  </testsuite>
</testsuites>